g:\1.devproject\kumyoung-karaoke-clone\work\fluidsynth\fluidsynth-2.0.6-mfc\fluidsynth-2.0.6-mfc\release\fluidsynth-2.0.6-mfc.pch
g:\1.devproject\kumyoung-karaoke-clone\work\fluidsynth\fluidsynth-2.0.6-mfc\fluidsynth-2.0.6-mfc\release\vc141.pdb
g:\1.devproject\kumyoung-karaoke-clone\work\fluidsynth\fluidsynth-2.0.6-mfc\fluidsynth-2.0.6-mfc\release\stdafx.obj
g:\1.devproject\kumyoung-karaoke-clone\work\fluidsynth\fluidsynth-2.0.6-mfc\fluidsynth-2.0.6-mfc\release\timesignature.obj
g:\1.devproject\kumyoung-karaoke-clone\work\fluidsynth\fluidsynth-2.0.6-mfc\fluidsynth-2.0.6-mfc\release\miditrack.obj
g:\1.devproject\kumyoung-karaoke-clone\work\fluidsynth\fluidsynth-2.0.6-mfc\fluidsynth-2.0.6-mfc\release\midimessage.obj
g:\1.devproject\kumyoung-karaoke-clone\work\fluidsynth\fluidsynth-2.0.6-mfc\fluidsynth-2.0.6-mfc\release\midifile.obj
g:\1.devproject\kumyoung-karaoke-clone\work\fluidsynth\fluidsynth-2.0.6-mfc\fluidsynth-2.0.6-mfc\release\midievent.obj
g:\1.devproject\kumyoung-karaoke-clone\work\fluidsynth\fluidsynth-2.0.6-mfc\fluidsynth-2.0.6-mfc\release\fluidsynth-2.0.6-mfcdlg.obj
g:\1.devproject\kumyoung-karaoke-clone\work\fluidsynth\fluidsynth-2.0.6-mfc\fluidsynth-2.0.6-mfc\release\fluidsynth-2.0.6-mfc.obj
g:\1.devproject\kumyoung-karaoke-clone\work\fluidsynth\fluidsynth-2.0.6-mfc\fluidsynth-2.0.6-mfc\release\cfluidsynthwrapper.obj
g:\1.devproject\kumyoung-karaoke-clone\work\fluidsynth\fluidsynth-2.0.6-mfc\fluidsynth-2.0.6-mfc\release\fluidsynth206mfc.res
g:\1.devproject\kumyoung-karaoke-clone\work\fluidsynth\fluidsynth-2.0.6-mfc\fluidsynth-2.0.6-mfc\release\fluidsyn.dff93f41.tlog\cl.command.1.tlog
g:\1.devproject\kumyoung-karaoke-clone\work\fluidsynth\fluidsynth-2.0.6-mfc\fluidsynth-2.0.6-mfc\release\fluidsyn.dff93f41.tlog\cl.read.1.tlog
g:\1.devproject\kumyoung-karaoke-clone\work\fluidsynth\fluidsynth-2.0.6-mfc\fluidsynth-2.0.6-mfc\release\fluidsyn.dff93f41.tlog\cl.write.1.tlog
g:\1.devproject\kumyoung-karaoke-clone\work\fluidsynth\fluidsynth-2.0.6-mfc\fluidsynth-2.0.6-mfc\release\fluidsyn.dff93f41.tlog\link.command.1.tlog
g:\1.devproject\kumyoung-karaoke-clone\work\fluidsynth\fluidsynth-2.0.6-mfc\fluidsynth-2.0.6-mfc\release\fluidsyn.dff93f41.tlog\link.read.1.tlog
g:\1.devproject\kumyoung-karaoke-clone\work\fluidsynth\fluidsynth-2.0.6-mfc\fluidsynth-2.0.6-mfc\release\fluidsyn.dff93f41.tlog\link.write.1.tlog
g:\1.devproject\kumyoung-karaoke-clone\work\fluidsynth\fluidsynth-2.0.6-mfc\fluidsynth-2.0.6-mfc\release\fluidsyn.dff93f41.tlog\rc.command.1.tlog
g:\1.devproject\kumyoung-karaoke-clone\work\fluidsynth\fluidsynth-2.0.6-mfc\fluidsynth-2.0.6-mfc\release\fluidsyn.dff93f41.tlog\rc.read.1.tlog
g:\1.devproject\kumyoung-karaoke-clone\work\fluidsynth\fluidsynth-2.0.6-mfc\fluidsynth-2.0.6-mfc\release\fluidsyn.dff93f41.tlog\rc.write.1.tlog
