g:\1.devproject\kumyoung-karaoke-clone\work\fluidsynth\fluidsynth-2.0.6-mfc\fluidsynth-2.0.6-mfc\x64\debug\fluidsynth-2.0.6-mfc.pch
g:\1.devproject\kumyoung-karaoke-clone\work\fluidsynth\fluidsynth-2.0.6-mfc\fluidsynth-2.0.6-mfc\x64\debug\vc141.pdb
g:\1.devproject\kumyoung-karaoke-clone\work\fluidsynth\fluidsynth-2.0.6-mfc\fluidsynth-2.0.6-mfc\x64\debug\vc141.idb
g:\1.devproject\kumyoung-karaoke-clone\work\fluidsynth\fluidsynth-2.0.6-mfc\fluidsynth-2.0.6-mfc\x64\debug\stdafx.obj
g:\1.devproject\kumyoung-karaoke-clone\work\fluidsynth\fluidsynth-2.0.6-mfc\fluidsynth-2.0.6-mfc\x64\debug\timesignature.obj
g:\1.devproject\kumyoung-karaoke-clone\work\fluidsynth\fluidsynth-2.0.6-mfc\fluidsynth-2.0.6-mfc\x64\debug\miditrack.obj
g:\1.devproject\kumyoung-karaoke-clone\work\fluidsynth\fluidsynth-2.0.6-mfc\fluidsynth-2.0.6-mfc\x64\debug\midimessage.obj
g:\1.devproject\kumyoung-karaoke-clone\work\fluidsynth\fluidsynth-2.0.6-mfc\fluidsynth-2.0.6-mfc\x64\debug\midifile.obj
g:\1.devproject\kumyoung-karaoke-clone\work\fluidsynth\fluidsynth-2.0.6-mfc\fluidsynth-2.0.6-mfc\x64\debug\midievent.obj
g:\1.devproject\kumyoung-karaoke-clone\work\fluidsynth\fluidsynth-2.0.6-mfc\fluidsynth-2.0.6-mfc\x64\debug\fluidsynth-2.0.6-mfcdlg.obj
g:\1.devproject\kumyoung-karaoke-clone\work\fluidsynth\fluidsynth-2.0.6-mfc\fluidsynth-2.0.6-mfc\x64\debug\fluidsynth-2.0.6-mfc.obj
g:\1.devproject\kumyoung-karaoke-clone\work\fluidsynth\fluidsynth-2.0.6-mfc\fluidsynth-2.0.6-mfc\x64\debug\cfluidsynthwrapper.obj
g:\1.devproject\kumyoung-karaoke-clone\work\fluidsynth\fluidsynth-2.0.6-mfc\x64\debug\fluidsynth-2.0.6-mfc.exe
g:\1.devproject\kumyoung-karaoke-clone\work\fluidsynth\fluidsynth-2.0.6-mfc\x64\debug\fluidsynth-2.0.6-mfc.ilk
g:\1.devproject\kumyoung-karaoke-clone\work\fluidsynth\fluidsynth-2.0.6-mfc\x64\debug\fluidsynth-2.0.6-mfc.pdb
g:\1.devproject\kumyoung-karaoke-clone\work\fluidsynth\fluidsynth-2.0.6-mfc\fluidsynth-2.0.6-mfc\x64\debug\fluidsynth206mfc.res
g:\1.devproject\kumyoung-karaoke-clone\work\fluidsynth\fluidsynth-2.0.6-mfc\fluidsynth-2.0.6-mfc\x64\debug\fluidsyn.dff93f41.tlog\cl.command.1.tlog
g:\1.devproject\kumyoung-karaoke-clone\work\fluidsynth\fluidsynth-2.0.6-mfc\fluidsynth-2.0.6-mfc\x64\debug\fluidsyn.dff93f41.tlog\cl.read.1.tlog
g:\1.devproject\kumyoung-karaoke-clone\work\fluidsynth\fluidsynth-2.0.6-mfc\fluidsynth-2.0.6-mfc\x64\debug\fluidsyn.dff93f41.tlog\cl.write.1.tlog
g:\1.devproject\kumyoung-karaoke-clone\work\fluidsynth\fluidsynth-2.0.6-mfc\fluidsynth-2.0.6-mfc\x64\debug\fluidsyn.dff93f41.tlog\link.command.1.tlog
g:\1.devproject\kumyoung-karaoke-clone\work\fluidsynth\fluidsynth-2.0.6-mfc\fluidsynth-2.0.6-mfc\x64\debug\fluidsyn.dff93f41.tlog\link.read.1.tlog
g:\1.devproject\kumyoung-karaoke-clone\work\fluidsynth\fluidsynth-2.0.6-mfc\fluidsynth-2.0.6-mfc\x64\debug\fluidsyn.dff93f41.tlog\link.write.1.tlog
g:\1.devproject\kumyoung-karaoke-clone\work\fluidsynth\fluidsynth-2.0.6-mfc\fluidsynth-2.0.6-mfc\x64\debug\fluidsyn.dff93f41.tlog\rc.command.1.tlog
g:\1.devproject\kumyoung-karaoke-clone\work\fluidsynth\fluidsynth-2.0.6-mfc\fluidsynth-2.0.6-mfc\x64\debug\fluidsyn.dff93f41.tlog\rc.read.1.tlog
g:\1.devproject\kumyoung-karaoke-clone\work\fluidsynth\fluidsynth-2.0.6-mfc\fluidsynth-2.0.6-mfc\x64\debug\fluidsyn.dff93f41.tlog\rc.write.1.tlog
